{
  "stats": {
    "suites": 2,
    "tests": 9,
    "passes": 9,
    "pending": 0,
    "failures": 0,
    "start": "2024-05-01T09:36:59.951Z",
    "end": "2024-05-01T09:36:59.971Z",
    "duration": 20,
    "testsRegistered": 9,
    "passPercent": 100,
    "pendingPercent": 0,
    "other": 0,
    "hasOther": false,
    "skipped": 0,
    "hasSkipped": false
  },
  "results": [
    {
      "uuid": "eab3bce0-ee79-49b6-a80c-ca8503aec571",
      "title": "",
      "fullFile": "",
      "file": "",
      "beforeHooks": [],
      "afterHooks": [],
      "tests": [],
      "suites": [
        {
          "uuid": "a3f63129-4312-4581-8e48-4f529d98fee4",
          "title": "F001 fungsi 2 string terdapat karakter yang sama",
          "fullFile": "D:\\Prodemy\\Project\\ReportMochawesome\\specs\\twostring.spec.js",
          "file": "\\specs\\twostring.spec.js",
          "beforeHooks": [],
          "afterHooks": [],
          "tests": [
            {
              "title": "TS001 Terdapat satu huruf sama, menghasilkan nilai YES",
              "fullTitle": "F001 fungsi 2 string terdapat karakter yang sama TS001 Terdapat satu huruf sama, menghasilkan nilai YES",
              "timedOut": false,
              "duration": 1,
              "state": "passed",
              "speed": "fast",
              "pass": true,
              "fail": false,
              "pending": false,
              "context": null,
              "code": "const result = twoStrings('hebe', 'destria')\nexpect(result).to.equal('YES')",
              "err": {},
              "uuid": "23b3f64a-d99c-4dfb-9c8b-4502415039b0",
              "parentUUID": "a3f63129-4312-4581-8e48-4f529d98fee4",
              "isHook": false,
              "skipped": false
            },
            {
              "title": "TS002 Terdapat dua huruf sama, menghasilkan nilai YES",
              "fullTitle": "F001 fungsi 2 string terdapat karakter yang sama TS002 Terdapat dua huruf sama, menghasilkan nilai YES",
              "timedOut": false,
              "duration": 1,
              "state": "passed",
              "speed": "fast",
              "pass": true,
              "fail": false,
              "pending": false,
              "context": null,
              "code": "expect(twoStrings('hebe', 'suksesh')).to.equal('YES')",
              "err": {},
              "uuid": "bdae5ae7-a10e-434c-acd7-02dc9207581b",
              "parentUUID": "a3f63129-4312-4581-8e48-4f529d98fee4",
              "isHook": false,
              "skipped": false
            },
            {
              "title": "TS003 Terdapat satu angka sama, menghasilkan nilai YES",
              "fullTitle": "F001 fungsi 2 string terdapat karakter yang sama TS003 Terdapat satu angka sama, menghasilkan nilai YES",
              "timedOut": false,
              "duration": 1,
              "state": "passed",
              "speed": "fast",
              "pass": true,
              "fail": false,
              "pending": false,
              "context": null,
              "code": "expect(twoStrings('12555', '1333')).to.equal('YES')",
              "err": {},
              "uuid": "ed22c213-4870-4d6f-be95-9a6e3d40ba84",
              "parentUUID": "a3f63129-4312-4581-8e48-4f529d98fee4",
              "isHook": false,
              "skipped": false
            },
            {
              "title": "TS004 Terdapat special karakter sama dan menghasilkan nilai YES",
              "fullTitle": "F001 fungsi 2 string terdapat karakter yang sama TS004 Terdapat special karakter sama dan menghasilkan nilai YES",
              "timedOut": false,
              "duration": 1,
              "state": "passed",
              "speed": "fast",
              "pass": true,
              "fail": false,
              "pending": false,
              "context": null,
              "code": "expect(twoStrings('arkan$', '$eles@i')).to.equal('YES')",
              "err": {},
              "uuid": "3e79c12a-6e06-4a12-b1a3-4c548e308846",
              "parentUUID": "a3f63129-4312-4581-8e48-4f529d98fee4",
              "isHook": false,
              "skipped": false
            },
            {
              "title": "TS005 terdapat hanya spasi pbada 2 string, menghasilkan nilai YES",
              "fullTitle": "F001 fungsi 2 string terdapat karakter yang sama TS005 terdapat hanya spasi pbada 2 string, menghasilkan nilai YES",
              "timedOut": false,
              "duration": 0,
              "state": "passed",
              "speed": "fast",
              "pass": true,
              "fail": false,
              "pending": false,
              "context": null,
              "code": "expect(twoStrings(' ', ' ')).to.equal('YES')",
              "err": {},
              "uuid": "3db0117d-1f06-493a-8542-771cf55e3267",
              "parentUUID": "a3f63129-4312-4581-8e48-4f529d98fee4",
              "isHook": false,
              "skipped": false
            }
          ],
          "suites": [],
          "passes": [
            "23b3f64a-d99c-4dfb-9c8b-4502415039b0",
            "bdae5ae7-a10e-434c-acd7-02dc9207581b",
            "ed22c213-4870-4d6f-be95-9a6e3d40ba84",
            "3e79c12a-6e06-4a12-b1a3-4c548e308846",
            "3db0117d-1f06-493a-8542-771cf55e3267"
          ],
          "failures": [],
          "pending": [],
          "skipped": [],
          "duration": 4,
          "root": false,
          "rootEmpty": false,
          "_timeout": 2000
        },
        {
          "uuid": "e122f4d9-efd9-444e-9d58-f4421779fe2f",
          "title": "F002 2 string tidak terdapat karakter yang sama",
          "fullFile": "D:\\Prodemy\\Project\\ReportMochawesome\\specs\\twostring.spec.js",
          "file": "\\specs\\twostring.spec.js",
          "beforeHooks": [],
          "afterHooks": [],
          "tests": [
            {
              "title": "TS006 tidak terdapat satupun huruf sama, menghasilkan nilai NO",
              "fullTitle": "F002 2 string tidak terdapat karakter yang sama TS006 tidak terdapat satupun huruf sama, menghasilkan nilai NO",
              "timedOut": false,
              "duration": 0,
              "state": "passed",
              "speed": "fast",
              "pass": true,
              "fail": false,
              "pending": false,
              "context": null,
              "code": "expect(twoStrings('arkan', 'hebe')).to.equal('NO')",
              "err": {},
              "uuid": "31c70a81-c2b4-4862-b5f3-f39f53a42f7d",
              "parentUUID": "e122f4d9-efd9-444e-9d58-f4421779fe2f",
              "isHook": false,
              "skipped": false
            },
            {
              "title": "TS007tidak terdapat karakter atau blank, menghasilkan nilai NO",
              "fullTitle": "F002 2 string tidak terdapat karakter yang sama TS007tidak terdapat karakter atau blank, menghasilkan nilai NO",
              "timedOut": false,
              "duration": 0,
              "state": "passed",
              "speed": "fast",
              "pass": true,
              "fail": false,
              "pending": false,
              "context": null,
              "code": "expect(twoStrings('', '')).to.equal('NO')",
              "err": {},
              "uuid": "8ba0bfea-9bd0-4c6f-8939-7c448d75da59",
              "parentUUID": "e122f4d9-efd9-444e-9d58-f4421779fe2f",
              "isHook": false,
              "skipped": false
            },
            {
              "title": "TS008 Terdapat satu huruf sama tetapi kapital dan tidak kapital, menghasilkan nilai NO",
              "fullTitle": "F002 2 string tidak terdapat karakter yang sama TS008 Terdapat satu huruf sama tetapi kapital dan tidak kapital, menghasilkan nilai NO",
              "timedOut": false,
              "duration": 0,
              "state": "passed",
              "speed": "fast",
              "pass": true,
              "fail": false,
              "pending": false,
              "context": null,
              "code": "expect(twoStrings('Arki', 'adung')).to.equal('NO')",
              "err": {},
              "uuid": "384aeaec-ad1a-49ab-8cc0-e01cdf5132b5",
              "parentUUID": "e122f4d9-efd9-444e-9d58-f4421779fe2f",
              "isHook": false,
              "skipped": false
            },
            {
              "title": "TS009 seharusnya @ tidak sama dengan a, menghasilkan nilai NO",
              "fullTitle": "F002 2 string tidak terdapat karakter yang sama TS009 seharusnya @ tidak sama dengan a, menghasilkan nilai NO",
              "timedOut": false,
              "duration": 1,
              "state": "passed",
              "speed": "fast",
              "pass": true,
              "fail": false,
              "pending": false,
              "context": null,
              "code": "expect(twoStrings('@rk@n', 'ahmad')).to.equal('NO')",
              "err": {},
              "uuid": "ed623c7f-cd39-431b-8775-0b2c66ff9196",
              "parentUUID": "e122f4d9-efd9-444e-9d58-f4421779fe2f",
              "isHook": false,
              "skipped": false
            }
          ],
          "suites": [],
          "passes": [
            "31c70a81-c2b4-4862-b5f3-f39f53a42f7d",
            "8ba0bfea-9bd0-4c6f-8939-7c448d75da59",
            "384aeaec-ad1a-49ab-8cc0-e01cdf5132b5",
            "ed623c7f-cd39-431b-8775-0b2c66ff9196"
          ],
          "failures": [],
          "pending": [],
          "skipped": [],
          "duration": 1,
          "root": false,
          "rootEmpty": false,
          "_timeout": 2000
        }
      ],
      "passes": [],
      "failures": [],
      "pending": [],
      "skipped": [],
      "duration": 0,
      "root": true,
      "rootEmpty": true,
      "_timeout": 2000
    }
  ],
  "meta": {
    "mocha": {
      "version": "10.4.0"
    },
    "mochawesome": {
      "options": {
        "quiet": false,
        "reportFilename": "mochawesome",
        "saveHtml": true,
        "saveJson": true,
        "consoleReporter": "spec",
        "useInlineDiffs": false,
        "code": true
      },
      "version": "7.1.3"
    },
    "marge": {
      "options": null,
      "version": "6.2.0"
    }
  }
}